Flutter crash report; please file at https://github.com/flutter/flutter/issues.

## command

flutter packages get

## exception

YamlException: Error on line 77, column 11: While parsing a block collection, expected '-'.
   ╷
77 │           weight: 700
   │           ^
   ╵

```
#0      Parser._parseBlockSequenceEntry (package:yaml/src/parser.dart:369:5)
#1      Parser._stateMachine (package:yaml/src/parser.dart:77:16)
#2      Parser.parse (package:yaml/src/parser.dart:47:19)
#3      Loader._loadSequence (package:yaml/src/loader.dart:141:23)
#4      Loader._loadNode (package:yaml/src/loader.dart:84:16)
#5      Loader._loadMapping (package:yaml/src/loader.dart:163:19)
#6      Loader._loadNode (package:yaml/src/loader.dart:86:16)
#7      Loader._loadSequence (package:yaml/src/loader.dart:140:20)
#8      Loader._loadNode (package:yaml/src/loader.dart:84:16)
#9      Loader._loadMapping (package:yaml/src/loader.dart:163:19)
#10     Loader._loadNode (package:yaml/src/loader.dart:86:16)
#11     Loader._loadMapping (package:yaml/src/loader.dart:163:19)
#12     Loader._loadNode (package:yaml/src/loader.dart:86:16)
#13     Loader._loadDocument (package:yaml/src/loader.dart:62:20)
#14     Loader.load (package:yaml/src/loader.dart:54:20)
#15     loadYamlDocument (package:yaml/yaml.dart:51:25)
#16     loadYamlNode (package:yaml/yaml.dart:42:5)
#17     loadYaml (package:yaml/yaml.dart:34:5)
#18     FlutterManifest.createFromString (package:flutter_tools/src/flutter_manifest.dart:38:28)
#19     FlutterManifest.createFromPath (package:flutter_tools/src/flutter_manifest.dart:32:12)
#20     FlutterProject._readManifest (package:flutter_tools/src/project.dart:167:54)
#21     FlutterProject.fromDirectory (package:flutter_tools/src/project.dart:45:38)
#22     FlutterProject.fromPath (package:flutter_tools/src/project.dart:60:50)
#23     PackagesGetCommand.usageValues (package:flutter_tools/src/commands/packages.dart:80:55)
<asynchronous suspension>
#24     FlutterCommand._sendUsage (package:flutter_tools/src/runner/flutter_command.dart:411:58)
<asynchronous suspension>
#25     FlutterCommand.run.<anonymous closure> (package:flutter_tools/src/runner/flutter_command.dart:392:17)
<asynchronous suspension>
#26     AppContext.run.<anonymous closure> (package:flutter_tools/src/base/context.dart:153:29)
<asynchronous suspension>
#27     _rootRun (dart:async/zone.dart:1124:13)
#28     _CustomZone.run (dart:async/zone.dart:1021:19)
#29     _runZoned (dart:async/zone.dart:1516:10)
#30     runZoned (dart:async/zone.dart:1463:12)
#31     AppContext.run (package:flutter_tools/src/base/context.dart:152:18)
<asynchronous suspension>
#32     FlutterCommand.run (package:flutter_tools/src/runner/flutter_command.dart:375:20)
#33     CommandRunner.runCommand (package:args/command_runner.dart:197:27)
<asynchronous suspension>
#34     FlutterCommandRunner.runCommand.<anonymous closure> (package:flutter_tools/src/runner/flutter_command_runner.dart:396:21)
<asynchronous suspension>
#35     AppContext.run.<anonymous closure> (package:flutter_tools/src/base/context.dart:153:29)
<asynchronous suspension>
#36     _rootRun (dart:async/zone.dart:1124:13)
#37     _CustomZone.run (dart:async/zone.dart:1021:19)
#38     _runZoned (dart:async/zone.dart:1516:10)
#39     runZoned (dart:async/zone.dart:1463:12)
#40     AppContext.run (package:flutter_tools/src/base/context.dart:152:18)
<asynchronous suspension>
#41     FlutterCommandRunner.runCommand (package:flutter_tools/src/runner/flutter_command_runner.dart:356:19)
<asynchronous suspension>
#42     CommandRunner.run.<anonymous closure> (package:args/command_runner.dart:112:25)
#43     new Future.sync (dart:async/future.dart:224:31)
#44     CommandRunner.run (package:args/command_runner.dart:112:14)
#45     FlutterCommandRunner.run (package:flutter_tools/src/runner/flutter_command_runner.dart:242:18)
#46     run.<anonymous closure>.<anonymous closure> (package:flutter_tools/runner.dart:62:22)
<asynchronous suspension>
#47     _rootRun (dart:async/zone.dart:1124:13)
#48     _CustomZone.run (dart:async/zone.dart:1021:19)
#49     _runZoned (dart:async/zone.dart:1516:10)
#50     runZoned (dart:async/zone.dart:1500:12)
#51     run.<anonymous closure> (package:flutter_tools/runner.dart:60:18)
<asynchronous suspension>
#52     AppContext.run.<anonymous closure> (package:flutter_tools/src/base/context.dart:153:29)
<asynchronous suspension>
#53     _rootRun (dart:async/zone.dart:1124:13)
#54     _CustomZone.run (dart:async/zone.dart:1021:19)
#55     _runZoned (dart:async/zone.dart:1516:10)
#56     runZoned (dart:async/zone.dart:1463:12)
#57     AppContext.run (package:flutter_tools/src/base/context.dart:152:18)
<asynchronous suspension>
#58     runInContext (package:flutter_tools/src/context_runner.dart:56:24)
<asynchronous suspension>
#59     run (package:flutter_tools/runner.dart:51:10)
#60     main (package:flutter_tools/executable.dart:62:9)
<asynchronous suspension>
#61     main (file:///usr/local/Caskroom/flutter/1.2.1/flutter/packages/flutter_tools/bin/flutter_tools.dart:8:3)
#62     _startIsolate.<anonymous closure> (dart:isolate-patch/isolate_patch.dart:299:32)
#63     _RawReceivePortImpl._handleMessage (dart:isolate-patch/isolate_patch.dart:172:12)
```

## flutter doctor

```
[✓] Flutter (Channel stable, v1.7.8+hotfix.3, on Mac OS X 10.14.5 18F132, locale en-IN)
    • Flutter version 1.7.8+hotfix.3 at /usr/local/Caskroom/flutter/1.2.1/flutter
    • Framework revision b712a172f9 (4 months ago), 2019-07-09 13:14:38 -0700
    • Engine revision 54ad777fd2
    • Dart version 2.4.0

[!] Android toolchain - develop for Android devices (Android SDK version 28.0.3)
    • Android SDK at /Users/neethu/Library/Android/sdk
    • Android NDK location not configured (optional; useful for native profiling support)
    • Platform android-28, build-tools 28.0.3
    • Java binary at: /Applications/Android Studio.app/Contents/jre/jdk/Contents/Home/bin/java
    • Java version OpenJDK Runtime Environment (build 1.8.0_202-release-1483-b49-5587405)
    ! Some Android licenses not accepted.  To resolve this, run: flutter doctor --android-licenses

[✓] Xcode - develop for iOS and macOS (Xcode 11.2.1)
    • Xcode at /Applications/Xcode.app/Contents/Developer
    • Xcode 11.2.1, Build version 11B500
    • CocoaPods version 1.8.0

[✓] iOS tools - develop for iOS devices
    • ios-deploy 1.9.4

[✓] Android Studio (version 3.5)
    • Android Studio at /Applications/Android Studio.app/Contents
    • Flutter plugin version 40.2.2
    • Dart plugin version 191.8580
    • Java version OpenJDK Runtime Environment (build 1.8.0_202-release-1483-b49-5587405)

[✓] VS Code (version 1.40.0)
    • VS Code at /Applications/Visual Studio Code.app/Contents
    • Flutter extension version 3.6.0

[✓] Connected device (2 available)
    • SM A750F • 3200fb9d4e71a591                     • android-arm64 • Android 9 (API 28)
    • iPhone 8 • BCD27AA6-9B4D-4C36-A3F6-8AA316F12005 • ios           • com.apple.CoreSimulator.SimRuntime.iOS-13-2 (simulator)

! Doctor found issues in 1 category.
```
